<?xml version="1.0" encoding="UTF-8"?>
<testsuite name="Проверка возможности создания файла" tests="2" skipped="0" failures="0" errors="0" timestamp="2019-05-31T13:04:08" hostname="TD082" time="0.019">
  <properties/>
  <testcase name="проверка создания файла" classname="Проверка возможности создания файла" time="0.017"/>
  <testcase name="проверка создания файла" classname="Проверка возможности создания файла" time="0.002"/>
  <system-out><![CDATA[*** Эта строка выводится перед каждым сценарием ***
Дано. Имя файла для создания  = file1.txt
?[32m.?[0mФайл уже существует!
Когда. Файл создан
?[32m.?[0mТогда. Проверка существования файла
?[32m.?[0m*** Эта строка выводится перед каждым сценарием ***
Дано. Имя файла для создания  = file2.txt
?[32m.?[0mФайл уже существует!
Когда. Файл создан
?[32m.?[0mТогда. Проверка существования файла
?[32m.?[0m]]></system-out>
  <system-err><![CDATA[]]></system-err>
</testsuite>
