<?xml version="1.0" encoding="UTF-8"?>
<testsuite name="Проверка базовых возможностей Cucumber" tests="3" skipped="0" failures="0" errors="0" timestamp="2019-05-30T11:21:03" hostname="TD082" time="0.016">
  <properties/>
  <testcase name="проверка инкремента" classname="Проверка базовых возможностей Cucumber" time="0.011"/>
  <testcase name="проверка декремента" classname="Проверка базовых возможностей Cucumber" time="0.002"/>
  <testcase name="проверка декремента" classname="Проверка базовых возможностей Cucumber" time="0.002"/>
  <system-out><![CDATA[Эта строка выводится перед каждым сценарием
 Дано. Значение X = 0
?[32m.?[0m Когда. Значение X = 1
?[32m.?[0m Тогда. Значение X = 1
?[32m.?[0mЭта строка выводится после каждого сценария
Эта строка выводится перед каждым сценарием
 Дано. Значение X = 3
?[32m.?[0m Когда. Значение X = 2
?[32m.?[0m Тогда. Значение X = 2
?[32m.?[0mЭта строка выводится после каждого сценария
Эта строка выводится перед каждым сценарием
 Дано. Значение X = 5
?[32m.?[0m Когда. Значение X = 4
?[32m.?[0m Тогда. Значение X = 4
?[32m.?[0mЭта строка выводится после каждого сценария
]]></system-out>
  <system-err><![CDATA[]]></system-err>
</testsuite>
